{
  "stats": {
    "suites": 1,
    "tests": 3,
    "passes": 3,
    "pending": 0,
    "failures": 0,
    "start": "2022-09-12T08:11:40.784Z",
    "end": "2022-09-12T08:11:46.625Z",
    "duration": 5841,
    "testsRegistered": 3,
    "passPercent": 100,
    "pendingPercent": 0,
    "other": 0,
    "hasOther": false,
    "skipped": 0,
    "hasSkipped": false
  },
  "results": [
    {
      "uuid": "67c2ee62-8d0b-433a-897b-530e2602ec3f",
      "title": "",
      "fullFile": "cypress/e2e/search_and_order_product_using_api/verify_user_is_successfully_search_and_order_products_using_api.ts",
      "file": "cypress/e2e/search_and_order_product_using_api/verify_user_is_successfully_search_and_order_products_using_api.ts",
      "beforeHooks": [],
      "afterHooks": [],
      "tests": [],
      "suites": [
        {
          "uuid": "5d75fe76-3dce-4dc8-a716-1682f9a5b466",
          "title": "Verify user is successfully able to search and order products using api",
          "fullFile": "",
          "file": "",
          "beforeHooks": [],
          "afterHooks": [],
          "tests": [
            {
              "title": "sign in the user, add 1 item to the basket, verify that 1 item is in the basket",
              "fullTitle": "Verify user is successfully able to search and order products using api sign in the user, add 1 item to the basket, verify that 1 item is in the basket",
              "timedOut": null,
              "duration": 3272,
              "state": "passed",
              "speed": "fast",
              "pass": true,
              "fail": false,
              "pending": false,
              "context": null,
              "code": "endUser.loginAndFetchToken();\ncy.log(\"user is signed in successfully\");\nendUser.clearBasketIfProductExist();\ncy.log(\"clear the basket if products already exist in basket\");\nendUser.addProductToBasket(1, 1);\ncy.log(\"Added 1 item to the basket\");\nendUser.verifyProductGotAddedSuccessfully(1);\ncy.log(\"Product is added Successfully\");",
              "err": {},
              "uuid": "ee7315a4-e5b2-4bef-96fc-d340fef8c290",
              "parentUUID": "5d75fe76-3dce-4dc8-a716-1682f9a5b466",
              "isHook": false,
              "skipped": false
            },
            {
              "title": "add 2 items instead of 1 to the basket",
              "fullTitle": "Verify user is successfully able to search and order products using api add 2 items instead of 1 to the basket",
              "timedOut": null,
              "duration": 1582,
              "state": "passed",
              "speed": "fast",
              "pass": true,
              "fail": false,
              "pending": false,
              "context": null,
              "code": "endUser.clearBasketIfProductExist();\ncy.log(\"clear the basket if products already exist in basket\");\nendUser.addProductToBasket(2, 1);\nendUser.addProductToBasket(3, 1);\ncy.log(\"Added 2 items to the basket\");\nendUser.verifyProductGotAddedSuccessfully(2);\ncy.log(\"2 Products are added Successfully\");",
              "err": {},
              "uuid": "6359672f-cc5c-4557-a0cd-a73012762f4d",
              "parentUUID": "5d75fe76-3dce-4dc8-a716-1682f9a5b466",
              "isHook": false,
              "skipped": false
            },
            {
              "title": "delete 1 item and verify only 1 item remains in the basket",
              "fullTitle": "Verify user is successfully able to search and order products using api delete 1 item and verify only 1 item remains in the basket",
              "timedOut": null,
              "duration": 920,
              "state": "passed",
              "speed": "fast",
              "pass": true,
              "fail": false,
              "pending": false,
              "context": null,
              "code": "endUser.deleteProductBasedOnIndex(0);\ncy.log('deleted 1 item');\nendUser.verifyProductGotAddedSuccessfully(1);\ncy.log(\"Only 1 Product remains in the bucket\");",
              "err": {},
              "uuid": "083c509a-8c98-439c-a01a-62cbcf28469e",
              "parentUUID": "5d75fe76-3dce-4dc8-a716-1682f9a5b466",
              "isHook": false,
              "skipped": false
            }
          ],
          "suites": [],
          "passes": [
            "ee7315a4-e5b2-4bef-96fc-d340fef8c290",
            "6359672f-cc5c-4557-a0cd-a73012762f4d",
            "083c509a-8c98-439c-a01a-62cbcf28469e"
          ],
          "failures": [],
          "pending": [],
          "skipped": [],
          "duration": 5774,
          "root": false,
          "rootEmpty": false,
          "_timeout": 2000
        }
      ],
      "passes": [],
      "failures": [],
      "pending": [],
      "skipped": [],
      "duration": 0,
      "root": true,
      "rootEmpty": true,
      "_timeout": 2000
    }
  ],
  "meta": {
    "mocha": {
      "version": "7.0.1"
    },
    "mochawesome": {
      "options": {
        "quiet": false,
        "reportFilename": "mochawesome",
        "saveHtml": false,
        "saveJson": true,
        "consoleReporter": "spec",
        "useInlineDiffs": false,
        "code": true
      },
      "version": "7.1.3"
    },
    "marge": {
      "options": {
        "charts": true,
        "overwrite": false,
        "html": false,
        "json": true,
        "reportDir": "cypress/report"
      },
      "version": "6.2.0"
    }
  }
}