{
  "stats": {
    "suites": 1,
    "tests": 3,
    "passes": 3,
    "pending": 0,
    "failures": 0,
    "start": "2022-09-13T13:18:33.655Z",
    "end": "2022-09-13T13:18:37.779Z",
    "duration": 4124,
    "testsRegistered": 3,
    "passPercent": 100,
    "pendingPercent": 0,
    "other": 0,
    "hasOther": false,
    "skipped": 0,
    "hasSkipped": false
  },
  "results": [
    {
      "uuid": "3ce593b5-7165-4dfe-9353-9a93415d386d",
      "title": "",
      "fullFile": "cypress/e2e/search_and_order_product_using_api/verify_user_is_successfully_search_and_order_products_using_api.ts",
      "file": "cypress/e2e/search_and_order_product_using_api/verify_user_is_successfully_search_and_order_products_using_api.ts",
      "beforeHooks": [],
      "afterHooks": [],
      "tests": [],
      "suites": [
        {
          "uuid": "25a14871-5c96-4542-9d9b-401d87fd638a",
          "title": "Verify user is successfully able to search and order products using api",
          "fullFile": "",
          "file": "",
          "beforeHooks": [],
          "afterHooks": [],
          "tests": [
            {
              "title": "sign in the user, add 1 item to the basket, verify that 1 item is in the basket",
              "fullTitle": "Verify user is successfully able to search and order products using api sign in the user, add 1 item to the basket, verify that 1 item is in the basket",
              "timedOut": null,
              "duration": 1862,
              "state": "passed",
              "speed": "fast",
              "pass": true,
              "fail": false,
              "pending": false,
              "context": null,
              "code": "endUser.loginAndFetchToken();\ncy.log(\"user is signed in successfully\");\nendUser.clearBasketIfProductExist();\ncy.log(\"clear the basket if products already exist in basket\");\nendUser.addProductToBasket(1, 1);\ncy.log(\"Added 1 item to the basket\");\nendUser.verifyProductGotAddedSuccessfully(1);\ncy.log(\"Product is added Successfully\");",
              "err": {},
              "uuid": "af36fb09-91b1-4f79-ba81-560c93c4eda6",
              "parentUUID": "25a14871-5c96-4542-9d9b-401d87fd638a",
              "isHook": false,
              "skipped": false
            },
            {
              "title": "add 2 items instead of 1 to the basket",
              "fullTitle": "Verify user is successfully able to search and order products using api add 2 items instead of 1 to the basket",
              "timedOut": null,
              "duration": 1276,
              "state": "passed",
              "speed": "fast",
              "pass": true,
              "fail": false,
              "pending": false,
              "context": null,
              "code": "endUser.clearBasketIfProductExist();\ncy.log(\"clear the basket if products already exist in basket\");\nendUser.addProductToBasket(2, 1);\nendUser.addProductToBasket(3, 1);\ncy.log(\"Added 2 items to the basket\");\nendUser.verifyProductGotAddedSuccessfully(2);\ncy.log(\"2 Products are added Successfully\");",
              "err": {},
              "uuid": "2f80caf0-fa72-438a-b972-82146d61a49b",
              "parentUUID": "25a14871-5c96-4542-9d9b-401d87fd638a",
              "isHook": false,
              "skipped": false
            },
            {
              "title": "delete 1 item and verify only 1 item remains in the basket",
              "fullTitle": "Verify user is successfully able to search and order products using api delete 1 item and verify only 1 item remains in the basket",
              "timedOut": null,
              "duration": 955,
              "state": "passed",
              "speed": "fast",
              "pass": true,
              "fail": false,
              "pending": false,
              "context": null,
              "code": "endUser.deleteProductBasedOnIndex(0);\ncy.log('deleted 1 item');\nendUser.verifyProductGotAddedSuccessfully(1);\ncy.log(\"Only 1 Product remains in the bucket\");",
              "err": {},
              "uuid": "419b3137-5edc-41a6-8411-6cea99dbe6c0",
              "parentUUID": "25a14871-5c96-4542-9d9b-401d87fd638a",
              "isHook": false,
              "skipped": false
            }
          ],
          "suites": [],
          "passes": [
            "af36fb09-91b1-4f79-ba81-560c93c4eda6",
            "2f80caf0-fa72-438a-b972-82146d61a49b",
            "419b3137-5edc-41a6-8411-6cea99dbe6c0"
          ],
          "failures": [],
          "pending": [],
          "skipped": [],
          "duration": 4093,
          "root": false,
          "rootEmpty": false,
          "_timeout": 2000
        }
      ],
      "passes": [],
      "failures": [],
      "pending": [],
      "skipped": [],
      "duration": 0,
      "root": true,
      "rootEmpty": true,
      "_timeout": 2000
    }
  ],
  "meta": {
    "mocha": {
      "version": "7.0.1"
    },
    "mochawesome": {
      "options": {
        "quiet": false,
        "reportFilename": "mochawesome",
        "saveHtml": false,
        "saveJson": true,
        "consoleReporter": "spec",
        "useInlineDiffs": false,
        "code": true
      },
      "version": "7.1.3"
    },
    "marge": {
      "options": {
        "charts": true,
        "overwrite": false,
        "html": false,
        "json": true,
        "reportDir": "cypress/report"
      },
      "version": "6.2.0"
    }
  }
}